#
# There is insufficient memory for the Java Runtime Environment to continue.
# Native memory allocation (mmap) failed to map 400556032 bytes for Failed to commit area from 0x0000000682600000 to 0x000000069a400000 of length 400556032.
# Possible reasons:
#   The system is out of physical RAM or swap space
#   The process is running with CompressedOops enabled, and the Java Heap may be blocking the growth of the native heap
# Possible solutions:
#   Reduce memory load on the system
#   Increase physical memory or swap space
#   Check if swap backing store is full
#   Decrease Java heap size (-Xmx/-Xms)
#   Decrease number of Java threads
#   Decrease Java thread stack sizes (-Xss)
#   Set larger code cache with -XX:ReservedCodeCacheSize=
# This output file may be truncated or incomplete.
#
#  Out of Memory Error (./src/hotspot/os/windows/os_windows.cpp:3387), pid=15616, tid=15680
#
# JRE version:  (11.0.14.1+1) (build )
# Java VM: OpenJDK 64-Bit Server VM (11.0.14.1+1, mixed mode, sharing, tiered, compressed oops, g1 gc, windows-amd64)
# No core dump will be written. Minidumps are not enabled by default on client versions of Windows
#

---------------  S U M M A R Y ------------

Command Line: -Dfile.encoding=UTF-8 

Host: Intel(R) Core(TM) i5-8300H CPU @ 2.30GHz, 8 cores, 23G,  Windows 10 , 64 bit Build 19041 (10.0.19041.3636)
Time: Sat Jul  6 16:04:44 2024 SA Pacific Standard Time elapsed time: 0.024825 seconds (0d 0h 0m 0s)

---------------  T H R E A D  ---------------

Current thread (0x0000027712af2800):  JavaThread "Unknown thread" [_thread_in_vm, id=15680, stack(0x0000008030500000,0x0000008030600000)]

Stack: [0x0000008030500000,0x0000008030600000]
Native frames: (J=compiled Java code, j=interpreted, Vv=VM code, C=native code)
V  [jvm.dll+0x61e59a]
V  [jvm.dll+0x7aaca9]
V  [jvm.dll+0x7ac398]
V  [jvm.dll+0x7aca73]
V  [jvm.dll+0x24f9b8]
V  [jvm.dll+0x61b83a]
V  [jvm.dll+0x6100c5]
V  [jvm.dll+0x30772c]
V  [jvm.dll+0x3075b2]
V  [jvm.dll+0x30c2d6]
V  [jvm.dll+0x35272f]
V  [jvm.dll+0x352160]
V  [jvm.dll+0x2e4728]
V  [jvm.dll+0x2e5886]
V  [jvm.dll+0x784b07]
V  [jvm.dll+0x78628f]
V  [jvm.dll+0x35f479]
V  [jvm.dll+0x767aa0]
V  [jvm.dll+0x3ccf1f]
V  [jvm.dll+0x3cf2b1]
C  [jli.dll+0x5207]
C  [ucrtbase.dll+0x21bb2]
C  [KERNEL32.DLL+0x17344]
C  [ntdll.dll+0x4cc91]


---------------  P R O C E S S  ---------------

Threads class SMR info:
_java_thread_list=0x0000027710865f30, length=0, elements={
}

Java Threads: ( => current thread )

Other Threads:
  0x0000027712b0b800 GCTaskThread "GC Thread#0" [stack: 0x0000008030600000,0x0000008030700000] [id=15684]
  0x0000027712b92000 ConcurrentGCThread "G1 Main Marker" [stack: 0x0000008030700000,0x0000008030800000] [id=15688]
  0x0000027712b95800 ConcurrentGCThread "G1 Conc#0" [stack: 0x0000008030800000,0x0000008030900000] [id=15692]

[error occurred during error reporting (printing all threads), id 0xc0000005, EXCEPTION_ACCESS_VIOLATION (0xc0000005) at pc=0x00007ffdff523ef7]

VM state:not at safepoint (not fully initialized)

VM Mutex/Monitor currently owned by a thread:  ([mutex/lock_event])
[0x0000027712af0310] Heap_lock - owner thread: 0x0000027712af2800

Heap address: 0x0000000682600000, size: 6106 MB, Compressed Oops mode: Non-zero based: 0x0000000682600000
Narrow klass base: 0x0000000000000000, Narrow klass shift: 0

GC Heap History (0 events):
No events

Deoptimization events (0 events):
No events

Classes redefined (0 events):
No events

Internal exceptions (0 events):
No events

Events (1 events):
Event: 0.014 Loaded shared library C:\Program Files\Unity\Hub\Editor\2022.3.27f1\Editor\Data\PlaybackEngines\AndroidPlayer\OpenJDK\bin\zip.dll


Dynamic libraries:
0x00007ff606a10000 - 0x00007ff606a1d000 	C:\Program Files\Unity\Hub\Editor\2022.3.27f1\Editor\Data\PlaybackEngines\AndroidPlayer\OpenJDK\bin\java.exe
0x00007ffe9a690000 - 0x00007ffe9a888000 	C:\WINDOWS\SYSTEM32\ntdll.dll
0x00007ffe9a510000 - 0x00007ffe9a5cd000 	C:\WINDOWS\System32\KERNEL32.DLL
0x00007ffe982b0000 - 0x00007ffe985a6000 	C:\WINDOWS\System32\KERNELBASE.dll
0x00007ffe97df0000 - 0x00007ffe97ef0000 	C:\WINDOWS\System32\ucrtbase.dll
0x00007ffe08ec0000 - 0x00007ffe08ed7000 	C:\Program Files\Unity\Hub\Editor\2022.3.27f1\Editor\Data\PlaybackEngines\AndroidPlayer\OpenJDK\bin\jli.dll
0x00007ffe08ea0000 - 0x00007ffe08eb5000 	C:\Program Files\Unity\Hub\Editor\2022.3.27f1\Editor\Data\PlaybackEngines\AndroidPlayer\OpenJDK\bin\VCRUNTIME140.dll
0x00007ffe98f70000 - 0x00007ffe9910f000 	C:\WINDOWS\System32\USER32.dll
0x00007ffe981f0000 - 0x00007ffe98212000 	C:\WINDOWS\System32\win32u.dll
0x00007ffe718a0000 - 0x00007ffe71b3a000 	C:\WINDOWS\WinSxS\amd64_microsoft.windows.common-controls_6595b64144ccf1df_6.0.19041.4355_none_60b8b9eb71f62e16\COMCTL32.dll
0x00007ffe98b30000 - 0x00007ffe98b5b000 	C:\WINDOWS\System32\GDI32.dll
0x00007ffe9a3c0000 - 0x00007ffe9a45e000 	C:\WINDOWS\System32\msvcrt.dll
0x00007ffe985b0000 - 0x00007ffe986c7000 	C:\WINDOWS\System32\gdi32full.dll
0x00007ffe97d50000 - 0x00007ffe97ded000 	C:\WINDOWS\System32\msvcp_win.dll
0x00007ffe9a210000 - 0x00007ffe9a23f000 	C:\WINDOWS\System32\IMM32.DLL
0x00007ffe05d70000 - 0x00007ffe05e0b000 	C:\Program Files\Unity\Hub\Editor\2022.3.27f1\Editor\Data\PlaybackEngines\AndroidPlayer\OpenJDK\bin\msvcp140.dll
0x00007ffdff230000 - 0x00007ffdffdb1000 	C:\Program Files\Unity\Hub\Editor\2022.3.27f1\Editor\Data\PlaybackEngines\AndroidPlayer\OpenJDK\bin\server\jvm.dll
0x00007ffe9a310000 - 0x00007ffe9a3c0000 	C:\WINDOWS\System32\ADVAPI32.dll
0x00007ffe99db0000 - 0x00007ffe99e50000 	C:\WINDOWS\System32\sechost.dll
0x00007ffe98bc0000 - 0x00007ffe98ce3000 	C:\WINDOWS\System32\RPCRT4.dll
0x00007ffe981c0000 - 0x00007ffe981e7000 	C:\WINDOWS\System32\bcrypt.dll
0x00007ffe98cf0000 - 0x00007ffe98cf8000 	C:\WINDOWS\System32\PSAPI.DLL
0x00007ffe680a0000 - 0x00007ffe680c7000 	C:\WINDOWS\SYSTEM32\WINMM.dll
0x00007ffe8d6c0000 - 0x00007ffe8d6ca000 	C:\WINDOWS\SYSTEM32\VERSION.dll
0x00007ffe92030000 - 0x00007ffe92039000 	C:\WINDOWS\SYSTEM32\WSOCK32.dll
0x00007ffe98a10000 - 0x00007ffe98a7b000 	C:\WINDOWS\System32\WS2_32.dll
0x00007ffe95bd0000 - 0x00007ffe95be2000 	C:\WINDOWS\SYSTEM32\kernel.appcore.dll
0x00007ffe08e90000 - 0x00007ffe08ea0000 	C:\Program Files\Unity\Hub\Editor\2022.3.27f1\Editor\Data\PlaybackEngines\AndroidPlayer\OpenJDK\bin\verify.dll
0x00007ffe8c820000 - 0x00007ffe8ca04000 	C:\WINDOWS\SYSTEM32\DBGHELP.DLL
0x00007ffe8c7e0000 - 0x00007ffe8c814000 	C:\WINDOWS\SYSTEM32\dbgcore.DLL
0x00007ffe98220000 - 0x00007ffe982a2000 	C:\WINDOWS\System32\bcryptPrimitives.dll
0x00007ffe06a80000 - 0x00007ffe06aa8000 	C:\Program Files\Unity\Hub\Editor\2022.3.27f1\Editor\Data\PlaybackEngines\AndroidPlayer\OpenJDK\bin\java.dll
0x00007ffe06a70000 - 0x00007ffe06a7a000 	C:\Program Files\Unity\Hub\Editor\2022.3.27f1\Editor\Data\PlaybackEngines\AndroidPlayer\OpenJDK\bin\jimage.dll
0x00007ffe06a50000 - 0x00007ffe06a68000 	C:\Program Files\Unity\Hub\Editor\2022.3.27f1\Editor\Data\PlaybackEngines\AndroidPlayer\OpenJDK\bin\zip.dll

dbghelp: loaded successfully - version: 4.0.5 - missing functions: none
symbol engine: initialized successfully - sym options: 0x614 - pdb path: .;C:\Program Files\Unity\Hub\Editor\2022.3.27f1\Editor\Data\PlaybackEngines\AndroidPlayer\OpenJDK\bin;C:\WINDOWS\SYSTEM32;C:\WINDOWS\WinSxS\amd64_microsoft.windows.common-controls_6595b64144ccf1df_6.0.19041.4355_none_60b8b9eb71f62e16;C:\Program Files\Unity\Hub\Editor\2022.3.27f1\Editor\Data\PlaybackEngines\AndroidPlayer\OpenJDK\bin\server

VM Arguments:
jvm_args: -Dfile.encoding=UTF-8 
java_command: <unknown>
java_class_path (initial): <not set>
Launcher Type: SUN_STANDARD

[Global flags]
     intx CICompilerCount                          = 4                                         {product} {ergonomic}
     uint ConcGCThreads                            = 2                                         {product} {ergonomic}
     uint G1ConcRefinementThreads                  = 8                                         {product} {ergonomic}
   size_t G1HeapRegionSize                         = 1048576                                   {product} {ergonomic}
    uintx GCDrainStackTargetSize                   = 64                                        {product} {ergonomic}
   size_t InitialHeapSize                          = 400556032                                 {product} {ergonomic}
   size_t MarkStackSize                            = 4194304                                   {product} {ergonomic}
   size_t MaxHeapSize                              = 6402605056                                {product} {ergonomic}
   size_t MinHeapDeltaBytes                        = 1048576                                   {product} {ergonomic}
    uintx NonNMethodCodeHeapSize                   = 5836300                                {pd product} {ergonomic}
    uintx NonProfiledCodeHeapSize                  = 122910970                              {pd product} {ergonomic}
    uintx ProfiledCodeHeapSize                     = 122910970                              {pd product} {ergonomic}
    uintx ReservedCodeCacheSize                    = 251658240                              {pd product} {ergonomic}
     bool SegmentedCodeCache                       = true                                      {product} {ergonomic}
     bool UseCompressedClassPointers               = true                                 {lp64_product} {ergonomic}
     bool UseCompressedOops                        = true                                 {lp64_product} {ergonomic}
     bool UseG1GC                                  = true                                      {product} {ergonomic}
     bool UseLargePagesIndividualAllocation        = false                                  {pd product} {ergonomic}

Logging:
Log output configuration:
 #0: stdout all=warning uptime,level,tags
 #1: stderr all=off uptime,level,tags

Environment Variables:
JAVA_TOOL_OPTIONS=-Dfile.encoding=UTF-8
PATH=C:\Program Files\Python312\Scripts\;C:\Program Files\Python312\;C:\Program Files (x86)\Razer Chroma SDK\bin;C:\Program Files\Razer Chroma SDK\bin;C:\Program Files\PlasticSCM5\server;C:\Program Files\PlasticSCM5\client;C:\Program Files (x86)\Razer\ChromaBroadcast\bin;C:\Program Files\Razer\ChromaBroadcast\bin;C:\WINDOWS\system32;C:\WINDOWS;C:\WINDOWS\System32\Wbem;C:\WINDOWS\System32\WindowsPowerShell\v1.0\;C:\WINDOWS\System32\OpenSSH\;C:\Program Files (x86)\NVIDIA Corporation\PhysX\Common;C:\Users\HernandoNJ\AppData\Local\Microsoft\WindowsApps;C:\Users\HernandoNJ\AppData\Local\GitHubDesktop\bin;C:\WINDOWS\system32\config\systemprofile\AppData\Local\Microsoft\WindowsApps;C:\Program Files\Git\cmd;C:\Program Files\PuTTY\;C:\Users\HernandoNJ\AppData\Local\Microsoft\WindowsApps;C:\Users\HernandoNJ\AppData\Local\GitHubDesktop\bin;C:\Users\HernandoNJ\.dotnet\tools
USERNAME=HernandoNJ
OS=Windows_NT
PROCESSOR_IDENTIFIER=Intel64 Family 6 Model 158 Stepping 10, GenuineIntel



---------------  S Y S T E M  ---------------

OS: Windows 10 , 64 bit Build 19041 (10.0.19041.3636)
OS uptime: 0 days 18:25 hours

CPU:total 8 (initial active 8) (4 cores per cpu, 2 threads per core) family 6 model 158 stepping 10 microcode 0xb4, cmov, cx8, fxsr, mmx, sse, sse2, sse3, ssse3, sse4.1, sse4.2, popcnt, avx, avx2, aes, clmul, erms, 3dnowpref, lzcnt, ht, tsc, tscinvbit, bmi1, bmi2, adx, fma

Memory: 4k page, system-wide physical 24418M (4045M free)
TotalPageFile size 29410M (AvailPageFile size 122M)
current process WorkingSet (physical memory assigned to process): 10M, peak: 10M
current process commit charge ("private bytes"): 61M, peak: 443M

vm_info: OpenJDK 64-Bit Server VM (11.0.14.1+1) for windows-amd64 JRE (11.0.14.1+1), built on Feb  9 2022 01:48:27 by "" with unknown MS VC++:1916

END.
